<?xml version="1.0" encoding="UTF-8"?>
<!-- Generated by org.testng.reporters.JUnitReportReporter -->
<testsuite hostname="DESKTOP-SFVLJG3" failures="0" tests="4" name="TestAccount" time="56.697" errors="0" timestamp="2021-08-14T19:34:08 CST" skipped="0">
  <testcase classname="TestAccount" name="Test_Login_Successful" time="13.440"/>
  <testcase classname="TestAccount" name="Test_Login_Unsuccessful" time="15.579"/>
  <testcase classname="TestAccount" name="Test_Login_Unsuccessful" time="8.722"/>
  <testcase classname="TestAccount" name="Test_Login_Successful" time="18.956"/>
</testsuite> <!-- TestAccount -->
